2020-08-04 10:00:44,292 [Worker-5: Loading available Gradle versions] INFO  c.g.t.t.d.PublishedGradleVersions - Gradle version information cache is up-to-date. Trying to read.
2020-08-04 10:00:49,156 [Worker-2: Updating indexes] INFO  o.e.m.c.i.i.nexus.NexusIndexManager - Updating index for repository: central|https://repo.maven.apache.org/maven2
2020-08-04 10:00:50,329 [Worker-2: Updating indexes] ERROR o.e.m.c.i.i.nexus.NexusIndexManager - Unable to update index for central|https://repo.maven.apache.org/maven2: no segments* file found in org.apache.lucene.store.FSDirectory@C:\Users\90964\AppData\Local\Temp\nexus-index8991632161040680766.dir: files:
java.io.FileNotFoundException: no segments* file found in org.apache.lucene.store.FSDirectory@C:\Users\90964\AppData\Local\Temp\nexus-index8991632161040680766.dir: files:
	at org.apache.lucene.index.SegmentInfos$FindSegmentsFile.run(SegmentInfos.java:604) ~[lucene-core-2.4.1.jar:2.4.1 750176 - 2009-03-04 21:56:52]
	at org.apache.lucene.index.DirectoryIndexReader.open(DirectoryIndexReader.java:115) ~[lucene-core-2.4.1.jar:2.4.1 750176 - 2009-03-04 21:56:52]
	at org.apache.lucene.index.IndexReader.open(IndexReader.java:316) ~[lucene-core-2.4.1.jar:2.4.1 750176 - 2009-03-04 21:56:52]
	at org.apache.lucene.index.IndexReader.open(IndexReader.java:227) ~[lucene-core-2.4.1.jar:2.4.1 750176 - 2009-03-04 21:56:52]
	at org.apache.maven.index.updater.DefaultIndexUpdater.copyUpdatedDocuments(DefaultIndexUpdater.java:352) ~[indexer-core-3.1.0.jar:3.1.0]
	at org.apache.maven.index.updater.DefaultIndexUpdater.unpackIndexArchive(DefaultIndexUpdater.java:288) ~[indexer-core-3.1.0.jar:3.1.0]
	at org.apache.maven.index.updater.DefaultIndexUpdater.loadIndexDirectory(DefaultIndexUpdater.java:218) ~[indexer-core-3.1.0.jar:3.1.0]
	at org.apache.maven.index.updater.DefaultIndexUpdater.access$300(DefaultIndexUpdater.java:75) ~[indexer-core-3.1.0.jar:3.1.0]
	at org.apache.maven.index.updater.DefaultIndexUpdater$LuceneIndexAdaptor.setIndexFile(DefaultIndexUpdater.java:645) ~[indexer-core-3.1.0.jar:3.1.0]
	at org.apache.maven.index.updater.DefaultIndexUpdater.fetchAndUpdateIndex(DefaultIndexUpdater.java:844) ~[indexer-core-3.1.0.jar:3.1.0]
	at org.apache.maven.index.updater.DefaultIndexUpdater.fetchAndUpdateIndex(DefaultIndexUpdater.java:156) ~[indexer-core-3.1.0.jar:3.1.0]
	at org.eclipse.m2e.core.internal.index.nexus.NexusIndexManager.updateRemoteIndex(NexusIndexManager.java:1251) [org.eclipse.m2e.core_1.9.0.me201807241448.jar:na]
	at org.eclipse.m2e.core.internal.index.nexus.NexusIndexManager.updateIndex(NexusIndexManager.java:1193) [org.eclipse.m2e.core_1.9.0.me201807241448.jar:na]
	at org.eclipse.m2e.core.internal.index.nexus.NexusIndexManager$1.run(NexusIndexManager.java:703) [org.eclipse.m2e.core_1.9.0.me201807241448.jar:na]
	at org.eclipse.m2e.core.internal.index.nexus.IndexUpdaterJob.run(IndexUpdaterJob.java:72) [org.eclipse.m2e.core_1.9.0.me201807241448.jar:na]
	at org.eclipse.core.internal.jobs.Worker.run(Worker.java:60) [org.eclipse.core.jobs_3.10.0.v20180427-1454.jar:na]
2020-08-04 10:00:50,617 [Worker-1: Importing MyEclipse dependencies to Local Maven Repository] INFO  o.e.m.c.i.e.AbstractTransferListenerAdapter - Downloaded https://repo.maven.apache.org/maven2/com/sun/webservices-extra/1.1/webservices-extra-1.1.jar
2020-08-04 10:00:51,113 [Worker-1: Importing MyEclipse dependencies to Local Maven Repository] INFO  o.e.m.c.i.embedder.EclipseLogger - Installing D:\Application\Myeclipse\plugins\com.genuitec.eclipse.ws.xfire_13.0.0.me201807241448\lib\webservices-extra.jar to C:\Users\90964\.m2\repository\com\sun\webservices-extra\1.1\webservices-extra-1.1.jar
2020-08-04 10:00:51,179 [Worker-1: Importing MyEclipse dependencies to Local Maven Repository] INFO  o.e.m.c.i.embedder.EclipseLogger - Installing C:\Users\90964\AppData\Local\Temp\mvninstall7933019832054223894.pom to C:\Users\90964\.m2\repository\com\sun\webservices-extra\1.1\webservices-extra-1.1.pom
2020-08-04 10:00:51,936 [Worker-1: Importing MyEclipse dependencies to Local Maven Repository] INFO  o.e.m.c.i.e.AbstractTransferListenerAdapter - Downloaded https://repo.maven.apache.org/maven2/com/sun/webservices-rt/1.1/webservices-rt-1.1.jar
2020-08-04 10:00:51,974 [Worker-1: Importing MyEclipse dependencies to Local Maven Repository] INFO  o.e.m.c.i.embedder.EclipseLogger - Installing D:\Application\Myeclipse\plugins\com.genuitec.eclipse.ws.xfire_13.0.0.me201807241448\lib\webservices-rt.jar to C:\Users\90964\.m2\repository\com\sun\webservices-rt\1.1\webservices-rt-1.1.jar
2020-08-04 10:00:52,031 [Worker-1: Importing MyEclipse dependencies to Local Maven Repository] INFO  o.e.m.c.i.embedder.EclipseLogger - Installing C:\Users\90964\AppData\Local\Temp\mvninstall14928244219461799666.pom to C:\Users\90964\.m2\repository\com\sun\webservices-rt\1.1\webservices-rt-1.1.pom
2020-08-04 10:00:53,593 [Worker-1: Importing MyEclipse dependencies to Local Maven Repository] INFO  o.e.m.c.i.e.AbstractTransferListenerAdapter - Downloaded https://repo.maven.apache.org/maven2/org/primefaces/primefaces/2.1/primefaces-2.1.jar
2020-08-04 10:00:53,615 [Worker-1: Importing MyEclipse dependencies to Local Maven Repository] INFO  o.e.m.c.i.embedder.EclipseLogger - Installing D:\Application\Myeclipse\configuration\org.eclipse.osgi\290\0\.cp\lib\primefaces\2.1\primefaces-2.1.jar to C:\Users\90964\.m2\repository\org\primefaces\primefaces\2.1\primefaces-2.1.jar
2020-08-04 10:00:53,655 [Worker-1: Importing MyEclipse dependencies to Local Maven Repository] INFO  o.e.m.c.i.embedder.EclipseLogger - Installing C:\Users\90964\AppData\Local\Temp\mvninstall2790308256519692509.pom to C:\Users\90964\.m2\repository\org\primefaces\primefaces\2.1\primefaces-2.1.pom
2020-08-04 10:00:55,333 [Worker-1: Importing MyEclipse dependencies to Local Maven Repository] INFO  o.e.m.c.i.i.nexus.NexusIndexManager - Updated local repository index
2020-08-04 10:02:01,747 [Worker-9: Loading available Gradle versions] INFO  c.g.t.t.d.PublishedGradleVersions - Gradle version information cache is up-to-date. Trying to read.
2020-08-04 10:02:06,845 [Worker-8: Updating indexes] INFO  o.e.m.c.i.i.nexus.NexusIndexManager - Updating index for repository: central|https://repo.maven.apache.org/maven2
2020-08-04 10:02:09,171 [Worker-8: Updating indexes] ERROR o.e.m.c.i.i.nexus.NexusIndexManager - Unable to update index for central|https://repo.maven.apache.org/maven2: no segments* file found in org.apache.lucene.store.FSDirectory@C:\Users\90964\AppData\Local\Temp\nexus-index12199813760872239229.dir: files:
java.io.FileNotFoundException: no segments* file found in org.apache.lucene.store.FSDirectory@C:\Users\90964\AppData\Local\Temp\nexus-index12199813760872239229.dir: files:
	at org.apache.lucene.index.SegmentInfos$FindSegmentsFile.run(SegmentInfos.java:604) ~[lucene-core-2.4.1.jar:2.4.1 750176 - 2009-03-04 21:56:52]
	at org.apache.lucene.index.DirectoryIndexReader.open(DirectoryIndexReader.java:115) ~[lucene-core-2.4.1.jar:2.4.1 750176 - 2009-03-04 21:56:52]
	at org.apache.lucene.index.IndexReader.open(IndexReader.java:316) ~[lucene-core-2.4.1.jar:2.4.1 750176 - 2009-03-04 21:56:52]
	at org.apache.lucene.index.IndexReader.open(IndexReader.java:227) ~[lucene-core-2.4.1.jar:2.4.1 750176 - 2009-03-04 21:56:52]
	at org.apache.maven.index.updater.DefaultIndexUpdater.copyUpdatedDocuments(DefaultIndexUpdater.java:352) ~[indexer-core-3.1.0.jar:3.1.0]
	at org.apache.maven.index.updater.DefaultIndexUpdater.unpackIndexArchive(DefaultIndexUpdater.java:288) ~[indexer-core-3.1.0.jar:3.1.0]
	at org.apache.maven.index.updater.DefaultIndexUpdater.loadIndexDirectory(DefaultIndexUpdater.java:218) ~[indexer-core-3.1.0.jar:3.1.0]
	at org.apache.maven.index.updater.DefaultIndexUpdater.access$300(DefaultIndexUpdater.java:75) ~[indexer-core-3.1.0.jar:3.1.0]
	at org.apache.maven.index.updater.DefaultIndexUpdater$LuceneIndexAdaptor.setIndexFile(DefaultIndexUpdater.java:645) ~[indexer-core-3.1.0.jar:3.1.0]
	at org.apache.maven.index.updater.DefaultIndexUpdater.fetchAndUpdateIndex(DefaultIndexUpdater.java:844) ~[indexer-core-3.1.0.jar:3.1.0]
	at org.apache.maven.index.updater.DefaultIndexUpdater.fetchAndUpdateIndex(DefaultIndexUpdater.java:156) ~[indexer-core-3.1.0.jar:3.1.0]
	at org.eclipse.m2e.core.internal.index.nexus.NexusIndexManager.updateRemoteIndex(NexusIndexManager.java:1251) [org.eclipse.m2e.core_1.9.0.me201807241448.jar:na]
	at org.eclipse.m2e.core.internal.index.nexus.NexusIndexManager.updateIndex(NexusIndexManager.java:1193) [org.eclipse.m2e.core_1.9.0.me201807241448.jar:na]
	at org.eclipse.m2e.core.internal.index.nexus.NexusIndexManager$1.run(NexusIndexManager.java:703) [org.eclipse.m2e.core_1.9.0.me201807241448.jar:na]
	at org.eclipse.m2e.core.internal.index.nexus.IndexUpdaterJob.run(IndexUpdaterJob.java:72) [org.eclipse.m2e.core_1.9.0.me201807241448.jar:na]
	at org.eclipse.core.internal.jobs.Worker.run(Worker.java:60) [org.eclipse.core.jobs_3.10.0.v20180427-1454.jar:na]
2020-08-04 10:03:04,756 [Worker-24: Configuring project hw7.17] ERROR o.e.m.j.i.l.MavenLaunchConfigurationListener - Launch configuration Test references non-existing project bookDemo.
org.eclipse.core.runtime.CoreException: Launch configuration Test references non-existing project bookDemo.
	at org.eclipse.jdt.launching.JavaRuntime.abort(JavaRuntime.java:1867) ~[org.eclipse.jdt.launching_3.10.0.v20180606-1318.jar:na]
	at org.eclipse.jdt.launching.JavaRuntime.getJavaProject(JavaRuntime.java:1742) ~[org.eclipse.jdt.launching_3.10.0.v20180606-1318.jar:na]
	at org.eclipse.m2e.jdt.internal.launch.MavenLaunchConfigurationListener.updateLaunchConfiguration(MavenLaunchConfigurationListener.java:53) [org.eclipse.m2e.jdt_1.9.0.me201807241448.jar:na]
	at org.eclipse.m2e.jdt.internal.launch.MavenLaunchConfigurationListener.launchConfigurationAdded(MavenLaunchConfigurationListener.java:34) [org.eclipse.m2e.jdt_1.9.0.me201807241448.jar:na]
	at org.eclipse.debug.internal.core.LaunchManager$ConfigurationNotifier.run(LaunchManager.java:216) [org.eclipse.debug.core_3.12.0.v20180509-0959.jar:na]
	at org.eclipse.core.runtime.SafeRunner.run(SafeRunner.java:42) [org.eclipse.equinox.common_3.10.0.v20180412-1130.jar:na]
	at org.eclipse.debug.internal.core.LaunchManager$ConfigurationNotifier.notify(LaunchManager.java:206) [org.eclipse.debug.core_3.12.0.v20180509-0959.jar:na]
	at org.eclipse.debug.internal.core.LaunchManager.launchConfigurationAdded(LaunchManager.java:2121) [org.eclipse.debug.core_3.12.0.v20180509-0959.jar:na]
	at org.eclipse.debug.internal.core.LaunchManager$LaunchManagerVisitor.visit(LaunchManager.java:369) [org.eclipse.debug.core_3.12.0.v20180509-0959.jar:na]
	at org.eclipse.core.internal.events.ResourceDelta.accept(ResourceDelta.java:64) [org.eclipse.core.resources_3.13.0.v20180512-1138.jar:na]
	at org.eclipse.core.internal.events.ResourceDelta.accept(ResourceDelta.java:74) [org.eclipse.core.resources_3.13.0.v20180512-1138.jar:na]
	at org.eclipse.core.internal.events.ResourceDelta.accept(ResourceDelta.java:74) [org.eclipse.core.resources_3.13.0.v20180512-1138.jar:na]
	at org.eclipse.core.internal.events.ResourceDelta.accept(ResourceDelta.java:74) [org.eclipse.core.resources_3.13.0.v20180512-1138.jar:na]
	at org.eclipse.core.internal.events.ResourceDelta.accept(ResourceDelta.java:74) [org.eclipse.core.resources_3.13.0.v20180512-1138.jar:na]
	at org.eclipse.core.internal.events.ResourceDelta.accept(ResourceDelta.java:74) [org.eclipse.core.resources_3.13.0.v20180512-1138.jar:na]
	at org.eclipse.core.internal.events.ResourceDelta.accept(ResourceDelta.java:74) [org.eclipse.core.resources_3.13.0.v20180512-1138.jar:na]
	at org.eclipse.core.internal.events.ResourceDelta.accept(ResourceDelta.java:48) [org.eclipse.core.resources_3.13.0.v20180512-1138.jar:na]
	at org.eclipse.debug.internal.core.LaunchManager.resourceChanged(LaunchManager.java:2273) [org.eclipse.debug.core_3.12.0.v20180509-0959.jar:na]
	at org.eclipse.core.internal.events.NotificationManager$1.run(NotificationManager.java:297) [org.eclipse.core.resources_3.13.0.v20180512-1138.jar:na]
	at org.eclipse.core.runtime.SafeRunner.run(SafeRunner.java:42) [org.eclipse.equinox.common_3.10.0.v20180412-1130.jar:na]
	at org.eclipse.core.internal.events.NotificationManager.notify(NotificationManager.java:287) [org.eclipse.core.resources_3.13.0.v20180512-1138.jar:na]
	at org.eclipse.core.internal.events.NotificationManager.broadcastChanges(NotificationManager.java:150) [org.eclipse.core.resources_3.13.0.v20180512-1138.jar:na]
	at org.eclipse.core.internal.resources.Workspace.broadcastPostChange(Workspace.java:376) [org.eclipse.core.resources_3.13.0.v20180512-1138.jar:na]
	at org.eclipse.core.internal.resources.Workspace.endOperation(Workspace.java:1499) [org.eclipse.core.resources_3.13.0.v20180512-1138.jar:na]
	at org.eclipse.core.internal.resources.Resource.refreshLocal(Resource.java:1552) [org.eclipse.core.resources_3.13.0.v20180512-1138.jar:na]
	at org.eclipse.ui.internal.wizards.datatransfer.EclipseProjectConfigurator.configure(EclipseProjectConfigurator.java:78) [org.eclipse.ui.ide_3.14.0.v20180517-1842.jar:na]
	at org.eclipse.ui.internal.wizards.datatransfer.SmartImportJob.importProjectAndChildrenRecursively(SmartImportJob.java:465) [org.eclipse.ui.ide_3.14.0.v20180517-1842.jar:na]
	at org.eclipse.ui.internal.wizards.datatransfer.SmartImportJob.access$0(SmartImportJob.java:399) [org.eclipse.ui.ide_3.14.0.v20180517-1842.jar:na]
	at org.eclipse.ui.internal.wizards.datatransfer.SmartImportJob$2.run(SmartImportJob.java:229) [org.eclipse.ui.ide_3.14.0.v20180517-1842.jar:na]
	at org.eclipse.core.internal.jobs.Worker.run(Worker.java:60) [org.eclipse.core.jobs_3.10.0.v20180427-1454.jar:na]
2020-08-04 10:03:04,764 [Worker-24: Configuring project hw7.17] ERROR o.e.m.j.i.l.MavenLaunchConfigurationListener - Launch configuration Test2 references non-existing project bookDemo.
org.eclipse.core.runtime.CoreException: Launch configuration Test2 references non-existing project bookDemo.
	at org.eclipse.jdt.launching.JavaRuntime.abort(JavaRuntime.java:1867) ~[org.eclipse.jdt.launching_3.10.0.v20180606-1318.jar:na]
	at org.eclipse.jdt.launching.JavaRuntime.getJavaProject(JavaRuntime.java:1742) ~[org.eclipse.jdt.launching_3.10.0.v20180606-1318.jar:na]
	at org.eclipse.m2e.jdt.internal.launch.MavenLaunchConfigurationListener.updateLaunchConfiguration(MavenLaunchConfigurationListener.java:53) [org.eclipse.m2e.jdt_1.9.0.me201807241448.jar:na]
	at org.eclipse.m2e.jdt.internal.launch.MavenLaunchConfigurationListener.launchConfigurationAdded(MavenLaunchConfigurationListener.java:34) [org.eclipse.m2e.jdt_1.9.0.me201807241448.jar:na]
	at org.eclipse.debug.internal.core.LaunchManager$ConfigurationNotifier.run(LaunchManager.java:216) [org.eclipse.debug.core_3.12.0.v20180509-0959.jar:na]
	at org.eclipse.core.runtime.SafeRunner.run(SafeRunner.java:42) [org.eclipse.equinox.common_3.10.0.v20180412-1130.jar:na]
	at org.eclipse.debug.internal.core.LaunchManager$ConfigurationNotifier.notify(LaunchManager.java:206) [org.eclipse.debug.core_3.12.0.v20180509-0959.jar:na]
	at org.eclipse.debug.internal.core.LaunchManager.launchConfigurationAdded(LaunchManager.java:2121) [org.eclipse.debug.core_3.12.0.v20180509-0959.jar:na]
	at org.eclipse.debug.internal.core.LaunchManager$LaunchManagerVisitor.visit(LaunchManager.java:369) [org.eclipse.debug.core_3.12.0.v20180509-0959.jar:na]
	at org.eclipse.core.internal.events.ResourceDelta.accept(ResourceDelta.java:64) [org.eclipse.core.resources_3.13.0.v20180512-1138.jar:na]
	at org.eclipse.core.internal.events.ResourceDelta.accept(ResourceDelta.java:74) [org.eclipse.core.resources_3.13.0.v20180512-1138.jar:na]
	at org.eclipse.core.internal.events.ResourceDelta.accept(ResourceDelta.java:74) [org.eclipse.core.resources_3.13.0.v20180512-1138.jar:na]
	at org.eclipse.core.internal.events.ResourceDelta.accept(ResourceDelta.java:74) [org.eclipse.core.resources_3.13.0.v20180512-1138.jar:na]
	at org.eclipse.core.internal.events.ResourceDelta.accept(ResourceDelta.java:74) [org.eclipse.core.resources_3.13.0.v20180512-1138.jar:na]
	at org.eclipse.core.internal.events.ResourceDelta.accept(ResourceDelta.java:74) [org.eclipse.core.resources_3.13.0.v20180512-1138.jar:na]
	at org.eclipse.core.internal.events.ResourceDelta.accept(ResourceDelta.java:74) [org.eclipse.core.resources_3.13.0.v20180512-1138.jar:na]
	at org.eclipse.core.internal.events.ResourceDelta.accept(ResourceDelta.java:48) [org.eclipse.core.resources_3.13.0.v20180512-1138.jar:na]
	at org.eclipse.debug.internal.core.LaunchManager.resourceChanged(LaunchManager.java:2273) [org.eclipse.debug.core_3.12.0.v20180509-0959.jar:na]
	at org.eclipse.core.internal.events.NotificationManager$1.run(NotificationManager.java:297) [org.eclipse.core.resources_3.13.0.v20180512-1138.jar:na]
	at org.eclipse.core.runtime.SafeRunner.run(SafeRunner.java:42) [org.eclipse.equinox.common_3.10.0.v20180412-1130.jar:na]
	at org.eclipse.core.internal.events.NotificationManager.notify(NotificationManager.java:287) [org.eclipse.core.resources_3.13.0.v20180512-1138.jar:na]
	at org.eclipse.core.internal.events.NotificationManager.broadcastChanges(NotificationManager.java:150) [org.eclipse.core.resources_3.13.0.v20180512-1138.jar:na]
	at org.eclipse.core.internal.resources.Workspace.broadcastPostChange(Workspace.java:376) [org.eclipse.core.resources_3.13.0.v20180512-1138.jar:na]
	at org.eclipse.core.internal.resources.Workspace.endOperation(Workspace.java:1499) [org.eclipse.core.resources_3.13.0.v20180512-1138.jar:na]
	at org.eclipse.core.internal.resources.Resource.refreshLocal(Resource.java:1552) [org.eclipse.core.resources_3.13.0.v20180512-1138.jar:na]
	at org.eclipse.ui.internal.wizards.datatransfer.EclipseProjectConfigurator.configure(EclipseProjectConfigurator.java:78) [org.eclipse.ui.ide_3.14.0.v20180517-1842.jar:na]
	at org.eclipse.ui.internal.wizards.datatransfer.SmartImportJob.importProjectAndChildrenRecursively(SmartImportJob.java:465) [org.eclipse.ui.ide_3.14.0.v20180517-1842.jar:na]
	at org.eclipse.ui.internal.wizards.datatransfer.SmartImportJob.access$0(SmartImportJob.java:399) [org.eclipse.ui.ide_3.14.0.v20180517-1842.jar:na]
	at org.eclipse.ui.internal.wizards.datatransfer.SmartImportJob$2.run(SmartImportJob.java:229) [org.eclipse.ui.ide_3.14.0.v20180517-1842.jar:na]
	at org.eclipse.core.internal.jobs.Worker.run(Worker.java:60) [org.eclipse.core.jobs_3.10.0.v20180427-1454.jar:na]
2020-08-04 10:03:04,768 [Worker-24: Configuring project hw7.17] ERROR o.e.m.j.i.l.MavenLaunchConfigurationListener - Launch configuration Test3 references non-existing project bookDemo.
org.eclipse.core.runtime.CoreException: Launch configuration Test3 references non-existing project bookDemo.
	at org.eclipse.jdt.launching.JavaRuntime.abort(JavaRuntime.java:1867) ~[org.eclipse.jdt.launching_3.10.0.v20180606-1318.jar:na]
	at org.eclipse.jdt.launching.JavaRuntime.getJavaProject(JavaRuntime.java:1742) ~[org.eclipse.jdt.launching_3.10.0.v20180606-1318.jar:na]
	at org.eclipse.m2e.jdt.internal.launch.MavenLaunchConfigurationListener.updateLaunchConfiguration(MavenLaunchConfigurationListener.java:53) [org.eclipse.m2e.jdt_1.9.0.me201807241448.jar:na]
	at org.eclipse.m2e.jdt.internal.launch.MavenLaunchConfigurationListener.launchConfigurationAdded(MavenLaunchConfigurationListener.java:34) [org.eclipse.m2e.jdt_1.9.0.me201807241448.jar:na]
	at org.eclipse.debug.internal.core.LaunchManager$ConfigurationNotifier.run(LaunchManager.java:216) [org.eclipse.debug.core_3.12.0.v20180509-0959.jar:na]
	at org.eclipse.core.runtime.SafeRunner.run(SafeRunner.java:42) [org.eclipse.equinox.common_3.10.0.v20180412-1130.jar:na]
	at org.eclipse.debug.internal.core.LaunchManager$ConfigurationNotifier.notify(LaunchManager.java:206) [org.eclipse.debug.core_3.12.0.v20180509-0959.jar:na]
	at org.eclipse.debug.internal.core.LaunchManager.launchConfigurationAdded(LaunchManager.java:2121) [org.eclipse.debug.core_3.12.0.v20180509-0959.jar:na]
	at org.eclipse.debug.internal.core.LaunchManager$LaunchManagerVisitor.visit(LaunchManager.java:369) [org.eclipse.debug.core_3.12.0.v20180509-0959.jar:na]
	at org.eclipse.core.internal.events.ResourceDelta.accept(ResourceDelta.java:64) [org.eclipse.core.resources_3.13.0.v20180512-1138.jar:na]
	at org.eclipse.core.internal.events.ResourceDelta.accept(ResourceDelta.java:74) [org.eclipse.core.resources_3.13.0.v20180512-1138.jar:na]
	at org.eclipse.core.internal.events.ResourceDelta.accept(ResourceDelta.java:74) [org.eclipse.core.resources_3.13.0.v20180512-1138.jar:na]
	at org.eclipse.core.internal.events.ResourceDelta.accept(ResourceDelta.java:74) [org.eclipse.core.resources_3.13.0.v20180512-1138.jar:na]
	at org.eclipse.core.internal.events.ResourceDelta.accept(ResourceDelta.java:74) [org.eclipse.core.resources_3.13.0.v20180512-1138.jar:na]
	at org.eclipse.core.internal.events.ResourceDelta.accept(ResourceDelta.java:74) [org.eclipse.core.resources_3.13.0.v20180512-1138.jar:na]
	at org.eclipse.core.internal.events.ResourceDelta.accept(ResourceDelta.java:74) [org.eclipse.core.resources_3.13.0.v20180512-1138.jar:na]
	at org.eclipse.core.internal.events.ResourceDelta.accept(ResourceDelta.java:48) [org.eclipse.core.resources_3.13.0.v20180512-1138.jar:na]
	at org.eclipse.debug.internal.core.LaunchManager.resourceChanged(LaunchManager.java:2273) [org.eclipse.debug.core_3.12.0.v20180509-0959.jar:na]
	at org.eclipse.core.internal.events.NotificationManager$1.run(NotificationManager.java:297) [org.eclipse.core.resources_3.13.0.v20180512-1138.jar:na]
	at org.eclipse.core.runtime.SafeRunner.run(SafeRunner.java:42) [org.eclipse.equinox.common_3.10.0.v20180412-1130.jar:na]
	at org.eclipse.core.internal.events.NotificationManager.notify(NotificationManager.java:287) [org.eclipse.core.resources_3.13.0.v20180512-1138.jar:na]
	at org.eclipse.core.internal.events.NotificationManager.broadcastChanges(NotificationManager.java:150) [org.eclipse.core.resources_3.13.0.v20180512-1138.jar:na]
	at org.eclipse.core.internal.resources.Workspace.broadcastPostChange(Workspace.java:376) [org.eclipse.core.resources_3.13.0.v20180512-1138.jar:na]
	at org.eclipse.core.internal.resources.Workspace.endOperation(Workspace.java:1499) [org.eclipse.core.resources_3.13.0.v20180512-1138.jar:na]
	at org.eclipse.core.internal.resources.Resource.refreshLocal(Resource.java:1552) [org.eclipse.core.resources_3.13.0.v20180512-1138.jar:na]
	at org.eclipse.ui.internal.wizards.datatransfer.EclipseProjectConfigurator.configure(EclipseProjectConfigurator.java:78) [org.eclipse.ui.ide_3.14.0.v20180517-1842.jar:na]
	at org.eclipse.ui.internal.wizards.datatransfer.SmartImportJob.importProjectAndChildrenRecursively(SmartImportJob.java:465) [org.eclipse.ui.ide_3.14.0.v20180517-1842.jar:na]
	at org.eclipse.ui.internal.wizards.datatransfer.SmartImportJob.access$0(SmartImportJob.java:399) [org.eclipse.ui.ide_3.14.0.v20180517-1842.jar:na]
	at org.eclipse.ui.internal.wizards.datatransfer.SmartImportJob$2.run(SmartImportJob.java:229) [org.eclipse.ui.ide_3.14.0.v20180517-1842.jar:na]
	at org.eclipse.core.internal.jobs.Worker.run(Worker.java:60) [org.eclipse.core.jobs_3.10.0.v20180427-1454.jar:na]
2020-08-04 10:03:11,413 [Worker-17: Building workspace] INFO  o.e.m.c.i.l.LifecycleMappingFactory - Using org.maven.ide.eclipse.wtp.WarLifecycleMapping lifecycle mapping for MavenProject: Servlet:Servlet:0.0.1-SNAPSHOT @ E:\JavaWebʵѵ\MyEclipseCI\Servlet\pom.xml.
2020-08-04 10:03:12,746 [Worker-17: Building workspace] INFO  o.e.m.c.i.e.AbstractTransferListenerAdapter - Downloading https://repo.maven.apache.org/maven2/javax/javaee-api/8.0/javaee-api-8.0.jar
2020-08-04 10:04:27,186 [Worker-17: Building workspace] INFO  o.e.m.c.i.e.AbstractTransferListenerAdapter - Downloaded https://repo.maven.apache.org/maven2/javax/javaee-api/8.0/javaee-api-8.0.jar
2020-08-04 10:04:27,365 [Worker-17: Building workspace] INFO  o.e.m.c.i.e.AbstractTransferListenerAdapter - Downloading https://repo.maven.apache.org/maven2/com/sun/mail/javax.mail/1.6.0/javax.mail-1.6.0.jar
2020-08-04 10:04:51,237 [Worker-17: Building workspace] INFO  o.e.m.c.i.e.AbstractTransferListenerAdapter - Downloaded https://repo.maven.apache.org/maven2/com/sun/mail/javax.mail/1.6.0/javax.mail-1.6.0.jar
2020-08-04 10:04:51,416 [Worker-17: Building workspace] INFO  o.e.m.c.i.e.AbstractTransferListenerAdapter - Downloading https://repo.maven.apache.org/maven2/javax/activation/activation/1.1/activation-1.1.jar
2020-08-04 10:04:53,810 [Worker-17: Building workspace] INFO  o.e.m.c.i.e.AbstractTransferListenerAdapter - Downloaded https://repo.maven.apache.org/maven2/javax/activation/activation/1.1/activation-1.1.jar
2020-08-04 10:04:53,990 [Worker-17: Building workspace] INFO  o.e.m.c.i.e.AbstractTransferListenerAdapter - Downloading https://repo.maven.apache.org/maven2/org/glassfish/web/javax.servlet.jsp.jstl/1.2.4/javax.servlet.jsp.jstl-1.2.4.jar
2020-08-04 10:05:06,847 [Worker-17: Building workspace] INFO  o.e.m.c.i.e.AbstractTransferListenerAdapter - Downloaded https://repo.maven.apache.org/maven2/org/glassfish/web/javax.servlet.jsp.jstl/1.2.4/javax.servlet.jsp.jstl-1.2.4.jar
2020-08-04 10:05:07,023 [Worker-17: Building workspace] INFO  o.e.m.c.i.e.AbstractTransferListenerAdapter - Downloading https://repo.maven.apache.org/maven2/javax/servlet/jsp/jstl/jstl-api/1.2/jstl-api-1.2.jar
2020-08-04 10:05:08,416 [Worker-17: Building workspace] INFO  o.e.m.c.i.e.AbstractTransferListenerAdapter - Downloaded https://repo.maven.apache.org/maven2/javax/servlet/jsp/jstl/jstl-api/1.2/jstl-api-1.2.jar
2020-08-04 10:05:08,862 [Worker-17: Building workspace] INFO  o.e.m.c.i.e.AbstractTransferListenerAdapter - Downloading https://repo.maven.apache.org/maven2/javax/servlet/servlet-api/2.5/servlet-api-2.5.jar
2020-08-04 10:05:15,237 [Worker-17: Building workspace] INFO  o.e.m.c.i.e.AbstractTransferListenerAdapter - Downloaded https://repo.maven.apache.org/maven2/javax/servlet/servlet-api/2.5/servlet-api-2.5.jar
2020-08-04 10:05:15,415 [Worker-17: Building workspace] INFO  o.e.m.c.i.e.AbstractTransferListenerAdapter - Downloading https://repo.maven.apache.org/maven2/javax/servlet/jsp/jsp-api/2.1/jsp-api-2.1.jar
2020-08-04 10:05:19,222 [Worker-17: Building workspace] INFO  o.e.m.c.i.e.AbstractTransferListenerAdapter - Downloaded https://repo.maven.apache.org/maven2/javax/servlet/jsp/jsp-api/2.1/jsp-api-2.1.jar
2020-08-04 10:05:21,765 [Worker-17: Building workspace] INFO  o.e.m.c.i.e.AbstractTransferListenerAdapter - Downloading https://repo.maven.apache.org/maven2/javax/javaee-api/8.0/javaee-api-8.0.pom
2020-08-04 10:05:22,195 [Worker-17: Building workspace] INFO  o.e.m.c.i.e.AbstractTransferListenerAdapter - Downloaded https://repo.maven.apache.org/maven2/javax/javaee-api/8.0/javaee-api-8.0.pom
2020-08-04 10:05:22,429 [Worker-17: Building workspace] INFO  o.e.m.c.i.e.AbstractTransferListenerAdapter - Downloading https://repo.maven.apache.org/maven2/com/sun/mail/javax.mail/1.6.0/javax.mail-1.6.0.pom
2020-08-04 10:05:22,751 [Worker-17: Building workspace] INFO  o.e.m.c.i.e.AbstractTransferListenerAdapter - Downloaded https://repo.maven.apache.org/maven2/com/sun/mail/javax.mail/1.6.0/javax.mail-1.6.0.pom
2020-08-04 10:05:22,978 [Worker-17: Building workspace] INFO  o.e.m.c.i.e.AbstractTransferListenerAdapter - Downloading https://repo.maven.apache.org/maven2/javax/activation/activation/1.1/activation-1.1.pom
2020-08-04 10:05:23,194 [Worker-17: Building workspace] INFO  o.e.m.c.i.e.AbstractTransferListenerAdapter - Downloaded https://repo.maven.apache.org/maven2/javax/activation/activation/1.1/activation-1.1.pom
2020-08-04 10:05:23,413 [Worker-17: Building workspace] INFO  o.e.m.c.i.e.AbstractTransferListenerAdapter - Downloading https://repo.maven.apache.org/maven2/org/glassfish/web/javax.servlet.jsp.jstl/1.2.4/javax.servlet.jsp.jstl-1.2.4.pom
2020-08-04 10:05:24,054 [Worker-17: Building workspace] INFO  o.e.m.c.i.e.AbstractTransferListenerAdapter - Downloaded https://repo.maven.apache.org/maven2/org/glassfish/web/javax.servlet.jsp.jstl/1.2.4/javax.servlet.jsp.jstl-1.2.4.pom
2020-08-04 10:05:24,277 [Worker-17: Building workspace] INFO  o.e.m.c.i.e.AbstractTransferListenerAdapter - Downloading https://repo.maven.apache.org/maven2/javax/servlet/jsp/jstl/jstl-api/1.2/jstl-api-1.2.pom
2020-08-04 10:05:24,594 [Worker-17: Building workspace] INFO  o.e.m.c.i.e.AbstractTransferListenerAdapter - Downloaded https://repo.maven.apache.org/maven2/javax/servlet/jsp/jstl/jstl-api/1.2/jstl-api-1.2.pom
2020-08-04 10:05:24,826 [Worker-17: Building workspace] INFO  o.e.m.c.i.e.AbstractTransferListenerAdapter - Downloading https://repo.maven.apache.org/maven2/javax/servlet/servlet-api/2.5/servlet-api-2.5.pom
2020-08-04 10:05:25,044 [Worker-17: Building workspace] INFO  o.e.m.c.i.e.AbstractTransferListenerAdapter - Downloaded https://repo.maven.apache.org/maven2/javax/servlet/servlet-api/2.5/servlet-api-2.5.pom
2020-08-04 10:05:25,262 [Worker-17: Building workspace] INFO  o.e.m.c.i.e.AbstractTransferListenerAdapter - Downloading https://repo.maven.apache.org/maven2/javax/servlet/jsp/jsp-api/2.1/jsp-api-2.1.pom
2020-08-04 10:05:25,481 [Worker-17: Building workspace] INFO  o.e.m.c.i.e.AbstractTransferListenerAdapter - Downloaded https://repo.maven.apache.org/maven2/javax/servlet/jsp/jsp-api/2.1/jsp-api-2.1.pom
2020-08-04 10:05:26,539 [Worker-17: Building workspace] INFO  o.e.m.c.i.embedder.EclipseLogger - Using 'UTF-8' encoding to copy filtered resources.
2020-08-04 10:05:26,545 [Worker-17: Building workspace] INFO  o.e.m.c.i.embedder.EclipseLogger - Copying 0 resource
2020-08-04 10:05:26,549 [Worker-17: Building workspace] INFO  o.e.m.c.i.embedder.EclipseLogger - Using 'UTF-8' encoding to copy filtered resources.
2020-08-04 10:05:26,549 [Worker-17: Building workspace] INFO  o.e.m.c.i.embedder.EclipseLogger - Copying 0 resource
2020-08-04 10:05:35,474 [Worker-32: Building workspace] INFO  o.e.m.c.i.embedder.EclipseLogger - Using 'UTF-8' encoding to copy filtered resources.
2020-08-04 10:05:35,480 [Worker-32: Building workspace] INFO  o.e.m.c.i.embedder.EclipseLogger - Copying 0 resource
2020-08-04 10:05:35,483 [Worker-32: Building workspace] INFO  o.e.m.c.i.embedder.EclipseLogger - Using 'UTF-8' encoding to copy filtered resources.
2020-08-04 10:05:35,483 [Worker-32: Building workspace] INFO  o.e.m.c.i.embedder.EclipseLogger - Copying 0 resource
2020-08-04 10:06:01,764 [Worker-9: Loading available Gradle versions] INFO  c.g.t.t.d.PublishedGradleVersions - Gradle version information cache is up-to-date. Trying to read.
2020-08-04 10:06:07,658 [Worker-1: Updating indexes] INFO  o.e.m.c.i.i.nexus.NexusIndexManager - Updating index for repository: central|https://repo.maven.apache.org/maven2
2020-08-04 10:06:10,611 [Worker-1: Updating indexes] ERROR o.e.m.c.i.i.nexus.NexusIndexManager - Unable to update index for central|https://repo.maven.apache.org/maven2: no segments* file found in org.apache.lucene.store.FSDirectory@C:\Users\90964\AppData\Local\Temp\nexus-index10738527727307370587.dir: files:
java.io.FileNotFoundException: no segments* file found in org.apache.lucene.store.FSDirectory@C:\Users\90964\AppData\Local\Temp\nexus-index10738527727307370587.dir: files:
	at org.apache.lucene.index.SegmentInfos$FindSegmentsFile.run(SegmentInfos.java:604) ~[lucene-core-2.4.1.jar:2.4.1 750176 - 2009-03-04 21:56:52]
	at org.apache.lucene.index.DirectoryIndexReader.open(DirectoryIndexReader.java:115) ~[lucene-core-2.4.1.jar:2.4.1 750176 - 2009-03-04 21:56:52]
	at org.apache.lucene.index.IndexReader.open(IndexReader.java:316) ~[lucene-core-2.4.1.jar:2.4.1 750176 - 2009-03-04 21:56:52]
	at org.apache.lucene.index.IndexReader.open(IndexReader.java:227) ~[lucene-core-2.4.1.jar:2.4.1 750176 - 2009-03-04 21:56:52]
	at org.apache.maven.index.updater.DefaultIndexUpdater.copyUpdatedDocuments(DefaultIndexUpdater.java:352) ~[indexer-core-3.1.0.jar:3.1.0]
	at org.apache.maven.index.updater.DefaultIndexUpdater.unpackIndexArchive(DefaultIndexUpdater.java:288) ~[indexer-core-3.1.0.jar:3.1.0]
	at org.apache.maven.index.updater.DefaultIndexUpdater.loadIndexDirectory(DefaultIndexUpdater.java:218) ~[indexer-core-3.1.0.jar:3.1.0]
	at org.apache.maven.index.updater.DefaultIndexUpdater.access$300(DefaultIndexUpdater.java:75) ~[indexer-core-3.1.0.jar:3.1.0]
	at org.apache.maven.index.updater.DefaultIndexUpdater$LuceneIndexAdaptor.setIndexFile(DefaultIndexUpdater.java:645) ~[indexer-core-3.1.0.jar:3.1.0]
	at org.apache.maven.index.updater.DefaultIndexUpdater.fetchAndUpdateIndex(DefaultIndexUpdater.java:844) ~[indexer-core-3.1.0.jar:3.1.0]
	at org.apache.maven.index.updater.DefaultIndexUpdater.fetchAndUpdateIndex(DefaultIndexUpdater.java:156) ~[indexer-core-3.1.0.jar:3.1.0]
	at org.eclipse.m2e.core.internal.index.nexus.NexusIndexManager.updateRemoteIndex(NexusIndexManager.java:1251) [org.eclipse.m2e.core_1.9.0.me201807241448.jar:na]
	at org.eclipse.m2e.core.internal.index.nexus.NexusIndexManager.updateIndex(NexusIndexManager.java:1193) [org.eclipse.m2e.core_1.9.0.me201807241448.jar:na]
	at org.eclipse.m2e.core.internal.index.nexus.NexusIndexManager$1.run(NexusIndexManager.java:703) [org.eclipse.m2e.core_1.9.0.me201807241448.jar:na]
	at org.eclipse.m2e.core.internal.index.nexus.IndexUpdaterJob.run(IndexUpdaterJob.java:72) [org.eclipse.m2e.core_1.9.0.me201807241448.jar:na]
	at org.eclipse.core.internal.jobs.Worker.run(Worker.java:60) [org.eclipse.core.jobs_3.10.0.v20180427-1454.jar:na]
2020-08-04 10:06:11,379 [Worker-8: Building workspace] INFO  o.e.m.c.i.embedder.EclipseLogger - Using 'UTF-8' encoding to copy filtered resources.
2020-08-04 10:06:11,385 [Worker-8: Building workspace] INFO  o.e.m.c.i.embedder.EclipseLogger - Copying 0 resource
2020-08-04 10:06:11,388 [Worker-8: Building workspace] INFO  o.e.m.c.i.embedder.EclipseLogger - Using 'UTF-8' encoding to copy filtered resources.
2020-08-04 10:06:11,389 [Worker-8: Building workspace] INFO  o.e.m.c.i.embedder.EclipseLogger - Copying 0 resource
